<?xml version="1.0" encoding="UTF-8"?>
<coverage generated="1426682594">
  <project timestamp="1426682594">
    <package name="Syw\Front\MainBundle\Controller">
      <file name="/srv/test.linuxcounter.net/src/Syw/Front/MainBundle/Controller/ApiController.php">
        <class name="ApiController" namespace="Syw\Front\MainBundle\Controller">
          <metrics methods="1" coveredmethods="0" conditionals="0" coveredconditionals="0" statements="4" coveredstatements="0" elements="5" coveredelements="0"/>
        </class>
        <line num="18" type="method" name="indexAction" crap="2" count="0"/>
        <line num="19" type="stmt" count="0"/>
        <line num="20" type="stmt" count="0"/>
        <line num="21" type="stmt" count="0"/>
        <metrics loc="23" ncloc="17" classes="1" methods="1" coveredmethods="0" conditionals="0" coveredconditionals="0" statements="4" coveredstatements="0" elements="5" coveredelements="0"/>
      </file>
      <file name="/srv/test.linuxcounter.net/src/Syw/Front/MainBundle/Controller/MainController.php">
        <class name="MainController" namespace="Syw\Front\MainBundle\Controller">
          <metrics methods="6" coveredmethods="1" conditionals="0" coveredconditionals="0" statements="6" coveredstatements="1" elements="12" coveredelements="2"/>
        </class>
        <line num="18" type="method" name="indexAction" crap="1" count="2"/>
        <line num="20" type="stmt" count="2"/>
        <line num="29" type="method" name="contactAction" crap="2" count="0"/>
        <line num="31" type="stmt" count="0"/>
        <line num="40" type="method" name="aboutAction" crap="2" count="0"/>
        <line num="42" type="stmt" count="0"/>
        <line num="51" type="method" name="downloadAction" crap="2" count="0"/>
        <line num="53" type="stmt" count="0"/>
        <line num="62" type="method" name="impressumAction" crap="2" count="0"/>
        <line num="64" type="stmt" count="0"/>
        <line num="73" type="method" name="supportAction" crap="2" count="0"/>
        <line num="75" type="stmt" count="0"/>
        <line num="78" type="stmt" count="1"/>
        <metrics loc="77" ncloc="41" classes="1" methods="6" coveredmethods="1" conditionals="0" coveredconditionals="0" statements="6" coveredstatements="1" elements="12" coveredelements="2"/>
      </file>
      <file name="/srv/test.linuxcounter.net/src/Syw/Front/MainBundle/Controller/StatsController.php">
        <class name="StatsController" namespace="Syw\Front\MainBundle\Controller">
          <metrics methods="2" coveredmethods="0" conditionals="0" coveredconditionals="0" statements="8" coveredstatements="0" elements="10" coveredelements="0"/>
        </class>
        <line num="18" type="method" name="indexAction" crap="2" count="0"/>
        <line num="19" type="stmt" count="0"/>
        <line num="20" type="stmt" count="0"/>
        <line num="21" type="stmt" count="0"/>
        <line num="29" type="method" name="guessAction" crap="2" count="0"/>
        <line num="30" type="stmt" count="0"/>
        <line num="31" type="stmt" count="0"/>
        <line num="32" type="stmt" count="0"/>
        <metrics loc="33" ncloc="21" classes="1" methods="2" coveredmethods="0" conditionals="0" coveredconditionals="0" statements="8" coveredstatements="0" elements="10" coveredelements="0"/>
      </file>
      <file name="/srv/test.linuxcounter.net/src/Syw/Front/MainBundle/Controller/UserController.php">
        <class name="UserController" namespace="Syw\Front\MainBundle\Controller">
          <metrics methods="2" coveredmethods="0" conditionals="0" coveredconditionals="0" statements="8" coveredstatements="0" elements="10" coveredelements="0"/>
        </class>
        <line num="18" type="method" name="loginAction" crap="2" count="0"/>
        <line num="19" type="stmt" count="0"/>
        <line num="20" type="stmt" count="0"/>
        <line num="21" type="stmt" count="0"/>
        <line num="29" type="method" name="registerAction" crap="2" count="0"/>
        <line num="30" type="stmt" count="0"/>
        <line num="31" type="stmt" count="0"/>
        <line num="32" type="stmt" count="0"/>
        <metrics loc="33" ncloc="21" classes="1" methods="2" coveredmethods="0" conditionals="0" coveredconditionals="0" statements="8" coveredstatements="0" elements="10" coveredelements="0"/>
      </file>
    </package>
    <package name="Syw\Front\MainBundle\DependencyInjection">
      <file name="/srv/test.linuxcounter.net/src/Syw/Front/MainBundle/DependencyInjection/Configuration.php">
        <class name="Configuration" namespace="Syw\Front\MainBundle\DependencyInjection">
          <metrics methods="1" coveredmethods="0" conditionals="0" coveredconditionals="0" statements="6" coveredstatements="0" elements="7" coveredelements="0"/>
        </class>
        <line num="18" type="method" name="getConfigTreeBuilder" crap="2" count="0"/>
        <line num="19" type="stmt" count="0"/>
        <line num="20" type="stmt" count="0"/>
        <line num="21" type="stmt" count="0"/>
        <line num="27" type="stmt" count="0"/>
        <line num="28" type="stmt" count="0"/>
        <metrics loc="29" ncloc="15" classes="1" methods="1" coveredmethods="0" conditionals="0" coveredconditionals="0" statements="6" coveredstatements="0" elements="7" coveredelements="0"/>
      </file>
      <file name="/srv/test.linuxcounter.net/src/Syw/Front/MainBundle/DependencyInjection/SywFrontMainExtension.php">
        <class name="SywFrontMainExtension" namespace="Syw\Front\MainBundle\DependencyInjection">
          <metrics methods="1" coveredmethods="0" conditionals="0" coveredconditionals="0" statements="7" coveredstatements="0" elements="8" coveredelements="0"/>
        </class>
        <line num="20" type="method" name="load" crap="2" count="0"/>
        <line num="21" type="stmt" count="0"/>
        <line num="22" type="stmt" count="0"/>
        <line num="23" type="stmt" count="0"/>
        <line num="25" type="stmt" count="0"/>
        <line num="26" type="stmt" count="0"/>
        <line num="27" type="stmt" count="0"/>
        <metrics loc="28" ncloc="20" classes="1" methods="1" coveredmethods="0" conditionals="0" coveredconditionals="0" statements="7" coveredstatements="0" elements="8" coveredelements="0"/>
      </file>
    </package>
    <package name="Syw\Front\MainBundle">
      <file name="/srv/test.linuxcounter.net/src/Syw/Front/MainBundle/SywFrontMainBundle.php">
        <class name="SywFrontMainBundle" namespace="Syw\Front\MainBundle">
          <metrics methods="0" coveredmethods="0" conditionals="0" coveredconditionals="0" statements="0" coveredstatements="0" elements="0" coveredelements="0"/>
        </class>
        <line num="10" type="stmt" count="1"/>
        <metrics loc="9" ncloc="9" classes="1" methods="0" coveredmethods="0" conditionals="0" coveredconditionals="0" statements="0" coveredstatements="0" elements="0" coveredelements="0"/>
      </file>
    </package>
    <metrics files="7" loc="232" ncloc="144" classes="7" methods="13" coveredmethods="1" conditionals="0" coveredconditionals="0" statements="39" coveredstatements="1" elements="52" coveredelements="2"/>
  </project>
</coverage>
